<?xml version="1.0" encoding="UTF-8"?>
<testsuite name="test.java.FizzBuzzTest" time="0.012" tests="4" errors="0" skipped="0" failures="0">
  <properties>
[...]
</properties>
  <testcase name="getFizzBuzzWord_NumberIsMultipleOfFive_ShouldReturnBuzz" classname="test.java.FizzBuzzTest" time="0.01"/>
  <testcase name="getFizzBuzzWord_NumberIsMultipleOfThree_ShouldReturnFizz" classname="test.java.FizzBuzzTest" time="0"/>
  <testcase name="getFizzBuzzWord_NumberIsMultipleOfThreeAndFive_ShouldReturnFizzBuzz" classname="test.java.FizzBuzzTest" time="0"/>
  <testcase name="getFizzBuzzWord_NumberIsNotMultipleOfThreeOrFive_ShouldReturnNull" classname="test.java.FizzBuzzTest" time="0.002"/>
</testsuite>